<?xml version="1.0" encoding="UTF-8"?>
<!-- Generated by org.testng.reporters.JUnitReportReporter -->
<testsuite hostname="LAPTOP-U2I3BKCQ" failures="0" tests="1" name="New.Test.App" time="76.977" errors="0" timestamp="24 Jul 2020 05:52:59 GMT" skipped="0">
  <testcase classname="New.Test.App" name="Demo" time="76.977"/>
</testsuite> <!-- New.Test.App -->
