<?xml version="1.0" encoding="UTF-8"?>
<!-- Generated by org.testng.reporters.JUnitReportReporter -->
<testsuite hostname="LAPTOP-U2I3BKCQ" failures="0" tests="1" name="New.Test.AppTest" time="39.252" errors="0" timestamp="21 Apr 2020 06:01:32 GMT" skipped="0">
  <testcase classname="New.Test.AppTest" name="MsgTest" time="39.252"/>
</testsuite> <!-- New.Test.AppTest -->
